<?xml version="1.0" encoding="UTF-8"?>
<!-- Generated by org.testng.reporters.JUnitReportReporter -->
<testsuite hostname="DESKTOP-5CHITFQ" failures="0" tests="1" name="com.qa.com.qa.pages.verifyUrl" time="15.491" errors="0" timestamp="2020-11-27T12:39:29 IST" skipped="0">
  <testcase classname="com.qa.com.qa.pages.verifyUrl" name="verifyUrl" time="15.491"/>
  <system-out/>
</testsuite> <!-- com.qa.com.qa.pages.verifyUrl -->
