<?xml version="1.0" encoding="UTF-8"?>
<!-- Generated by org.testng.reporters.JUnitReportReporter -->
<testsuite hostname="DESKTOP-5CHITFQ" failures="0" tests="1" name="com.qa.pages.searchpageTest" time="0.266" errors="0" timestamp="2020-11-27T10:42:43 IST" skipped="0">
  <testcase classname="com.qa.pages.searchpageTest" name="verifyHomepageTitle" time="0.266"/>
  <system-out/>
</testsuite> <!-- com.qa.pages.searchpageTest -->
