<?xml version="1.0" encoding="UTF-8"?>
<!-- Generated by org.testng.reporters.JUnitReportReporter -->
<testsuite hostname="DESKTOP-5CHITFQ" failures="0" tests="1" name="homepage.baseclass" time="0.032" errors="0" timestamp="2020-11-27T00:06:26 IST" skipped="0">
  <testcase classname="homepage.baseclass" name="f" time="0.032"/>
  <system-out/>
</testsuite> <!-- homepage.baseclass -->
